<?xml version="1.0" encoding="UTF-8"?>
<testsuite xmlns:xsi="http://www.w3.org/2001/XMLSchema-instance" xsi:noNamespaceSchemaLocation="https://maven.apache.org/surefire/maven-surefire-plugin/xsd/surefire-test-report-3.0.xsd" version="3.0" name="TestSuite" time="20.049" tests="3" errors="0" skipped="0" failures="0">
  <properties>
    <property name="sun.desktop" value="windows"/>
    <property name="awt.toolkit" value="sun.awt.windows.WToolkit"/>
    <property name="file.encoding.pkg" value="sun.io"/>
    <property name="java.specification.version" value="1.8"/>
    <property name="sun.cpu.isalist" value="amd64"/>
    <property name="sun.jnu.encoding" value="Cp1252"/>
    <property name="java.class.path" value="C:\Users\Owner\Automation\Workspace_RestAssured\RestAssured\target\test-classes;C:\Users\Owner\Automation\Workspace_RestAssured\RestAssured\target\classes;C:\windows\system32\config\systemprofile\.m2\repository\io\rest-assured\rest-assured\4.3.2\rest-assured-4.3.2.jar;C:\windows\system32\config\systemprofile\.m2\repository\org\codehaus\groovy\groovy\3.0.6\groovy-3.0.6.jar;C:\windows\system32\config\systemprofile\.m2\repository\org\codehaus\groovy\groovy-xml\3.0.6\groovy-xml-3.0.6.jar;C:\windows\system32\config\systemprofile\.m2\repository\org\apache\httpcomponents\httpclient\4.5.3\httpclient-4.5.3.jar;C:\windows\system32\config\systemprofile\.m2\repository\org\apache\httpcomponents\httpcore\4.4.6\httpcore-4.4.6.jar;C:\windows\system32\config\systemprofile\.m2\repository\commons-logging\commons-logging\1.2\commons-logging-1.2.jar;C:\windows\system32\config\systemprofile\.m2\repository\org\apache\httpcomponents\httpmime\4.5.3\httpmime-4.5.3.jar;C:\windows\system32\config\systemprofile\.m2\repository\org\hamcrest\hamcrest\2.1\hamcrest-2.1.jar;C:\windows\system32\config\systemprofile\.m2\repository\org\ccil\cowan\tagsoup\tagsoup\1.2.1\tagsoup-1.2.1.jar;C:\windows\system32\config\systemprofile\.m2\repository\io\rest-assured\json-path\4.3.2\json-path-4.3.2.jar;C:\windows\system32\config\systemprofile\.m2\repository\org\codehaus\groovy\groovy-json\3.0.6\groovy-json-3.0.6.jar;C:\windows\system32\config\systemprofile\.m2\repository\io\rest-assured\rest-assured-common\4.3.2\rest-assured-common-4.3.2.jar;C:\windows\system32\config\systemprofile\.m2\repository\io\rest-assured\xml-path\4.3.2\xml-path-4.3.2.jar;C:\windows\system32\config\systemprofile\.m2\repository\org\apache\commons\commons-lang3\3.11\commons-lang3-3.11.jar;C:\windows\system32\config\systemprofile\.m2\repository\jakarta\xml\bind\jakarta.xml.bind-api\2.3.3\jakarta.xml.bind-api-2.3.3.jar;C:\windows\system32\config\systemprofile\.m2\repository\jakarta\activation\jakarta.activation-api\1.2.2\jakarta.activation-api-1.2.2.jar;C:\windows\system32\config\systemprofile\.m2\repository\com\sun\xml\bind\jaxb-impl\2.3.3\jaxb-impl-2.3.3.jar;C:\windows\system32\config\systemprofile\.m2\repository\org\testng\testng\7.3.0\testng-7.3.0.jar;C:\windows\system32\config\systemprofile\.m2\repository\com\beust\jcommander\1.78\jcommander-1.78.jar;C:\windows\system32\config\systemprofile\.m2\repository\org\apache\ant\ant\1.10.3\ant-1.10.3.jar;C:\windows\system32\config\systemprofile\.m2\repository\org\apache\ant\ant-launcher\1.10.3\ant-launcher-1.10.3.jar;C:\windows\system32\config\systemprofile\.m2\repository\junit\junit\4.12\junit-4.12.jar;C:\windows\system32\config\systemprofile\.m2\repository\org\hamcrest\hamcrest-core\1.3\hamcrest-core-1.3.jar;C:\windows\system32\config\systemprofile\.m2\repository\com\google\inject\guice\4.2.2\guice-4.2.2-no_aop.jar;C:\windows\system32\config\systemprofile\.m2\repository\javax\inject\javax.inject\1\javax.inject-1.jar;C:\windows\system32\config\systemprofile\.m2\repository\aopalliance\aopalliance\1.0\aopalliance-1.0.jar;C:\windows\system32\config\systemprofile\.m2\repository\com\google\guava\guava\25.1-android\guava-25.1-android.jar;C:\windows\system32\config\systemprofile\.m2\repository\com\google\code\findbugs\jsr305\3.0.2\jsr305-3.0.2.jar;C:\windows\system32\config\systemprofile\.m2\repository\org\checkerframework\checker-compat-qual\2.0.0\checker-compat-qual-2.0.0.jar;C:\windows\system32\config\systemprofile\.m2\repository\com\google\errorprone\error_prone_annotations\2.1.3\error_prone_annotations-2.1.3.jar;C:\windows\system32\config\systemprofile\.m2\repository\com\google\j2objc\j2objc-annotations\1.1\j2objc-annotations-1.1.jar;C:\windows\system32\config\systemprofile\.m2\repository\org\codehaus\mojo\animal-sniffer-annotations\1.14\animal-sniffer-annotations-1.14.jar;C:\windows\system32\config\systemprofile\.m2\repository\org\yaml\snakeyaml\1.21\snakeyaml-1.21.jar;C:\windows\system32\config\systemprofile\.m2\repository\com\googlecode\json-simple\json-simple\1.1.1\json-simple-1.1.1.jar;C:\windows\system32\config\systemprofile\.m2\repository\org\apache\poi\poi\4.1.2\poi-4.1.2.jar;C:\windows\system32\config\systemprofile\.m2\repository\commons-codec\commons-codec\1.13\commons-codec-1.13.jar;C:\windows\system32\config\systemprofile\.m2\repository\org\apache\commons\commons-collections4\4.4\commons-collections4-4.4.jar;C:\windows\system32\config\systemprofile\.m2\repository\org\apache\commons\commons-math3\3.6.1\commons-math3-3.6.1.jar;C:\windows\system32\config\systemprofile\.m2\repository\com\zaxxer\SparseBitSet\1.2\SparseBitSet-1.2.jar;C:\windows\system32\config\systemprofile\.m2\repository\org\apache\poi\poi-ooxml\4.1.2\poi-ooxml-4.1.2.jar;C:\windows\system32\config\systemprofile\.m2\repository\org\apache\poi\poi-ooxml-schemas\4.1.2\poi-ooxml-schemas-4.1.2.jar;C:\windows\system32\config\systemprofile\.m2\repository\org\apache\xmlbeans\xmlbeans\3.1.0\xmlbeans-3.1.0.jar;C:\windows\system32\config\systemprofile\.m2\repository\org\apache\commons\commons-compress\1.19\commons-compress-1.19.jar;C:\windows\system32\config\systemprofile\.m2\repository\com\github\virtuald\curvesapi\1.06\curvesapi-1.06.jar;C:\windows\system32\config\systemprofile\.m2\repository\log4j\log4j\1.2.17\log4j-1.2.17.jar;C:\windows\system32\config\systemprofile\.m2\repository\com\aventstack\extentreports\4.0.9\extentreports-4.0.9.jar;C:\windows\system32\config\systemprofile\.m2\repository\org\freemarker\freemarker\2.3.23\freemarker-2.3.23.jar;C:\windows\system32\config\systemprofile\.m2\repository\org\mongodb\mongodb-driver\3.3.0\mongodb-driver-3.3.0.jar;C:\windows\system32\config\systemprofile\.m2\repository\org\mongodb\mongodb-driver-core\3.3.0\mongodb-driver-core-3.3.0.jar;C:\windows\system32\config\systemprofile\.m2\repository\org\mongodb\bson\3.3.0\bson-3.3.0.jar;C:\windows\system32\config\systemprofile\.m2\repository\com\google\code\gson\gson\2.8.5\gson-2.8.5.jar;"/>
    <property name="java.vm.vendor" value="Oracle Corporation"/>
    <property name="sun.arch.data.model" value="64"/>
    <property name="user.variant" value=""/>
    <property name="java.vendor.url" value="http://java.oracle.com/"/>
    <property name="user.timezone" value="America/Indianapolis"/>
    <property name="java.vm.specification.version" value="1.8"/>
    <property name="os.name" value="Windows 7"/>
    <property name="user.country" value="US"/>
    <property name="sun.java.launcher" value="SUN_STANDARD"/>
    <property name="sun.boot.library.path" value="C:\Program Files\Java\jdk1.8.0_40\jre\bin"/>
    <property name="sun.java.command" value="C:\Windows\Temp\surefire1160337389352472931\surefirebooter3802096024426337636.jar C:\Windows\Temp\surefire1160337389352472931 2020-11-27T03-40-36_138-jvmRun1 surefire8140745014771097469tmp surefire_07236843141002793402tmp"/>
    <property name="surefire.test.class.path" value="C:\Users\Owner\Automation\Workspace_RestAssured\RestAssured\target\test-classes;C:\Users\Owner\Automation\Workspace_RestAssured\RestAssured\target\classes;C:\windows\system32\config\systemprofile\.m2\repository\io\rest-assured\rest-assured\4.3.2\rest-assured-4.3.2.jar;C:\windows\system32\config\systemprofile\.m2\repository\org\codehaus\groovy\groovy\3.0.6\groovy-3.0.6.jar;C:\windows\system32\config\systemprofile\.m2\repository\org\codehaus\groovy\groovy-xml\3.0.6\groovy-xml-3.0.6.jar;C:\windows\system32\config\systemprofile\.m2\repository\org\apache\httpcomponents\httpclient\4.5.3\httpclient-4.5.3.jar;C:\windows\system32\config\systemprofile\.m2\repository\org\apache\httpcomponents\httpcore\4.4.6\httpcore-4.4.6.jar;C:\windows\system32\config\systemprofile\.m2\repository\commons-logging\commons-logging\1.2\commons-logging-1.2.jar;C:\windows\system32\config\systemprofile\.m2\repository\org\apache\httpcomponents\httpmime\4.5.3\httpmime-4.5.3.jar;C:\windows\system32\config\systemprofile\.m2\repository\org\hamcrest\hamcrest\2.1\hamcrest-2.1.jar;C:\windows\system32\config\systemprofile\.m2\repository\org\ccil\cowan\tagsoup\tagsoup\1.2.1\tagsoup-1.2.1.jar;C:\windows\system32\config\systemprofile\.m2\repository\io\rest-assured\json-path\4.3.2\json-path-4.3.2.jar;C:\windows\system32\config\systemprofile\.m2\repository\org\codehaus\groovy\groovy-json\3.0.6\groovy-json-3.0.6.jar;C:\windows\system32\config\systemprofile\.m2\repository\io\rest-assured\rest-assured-common\4.3.2\rest-assured-common-4.3.2.jar;C:\windows\system32\config\systemprofile\.m2\repository\io\rest-assured\xml-path\4.3.2\xml-path-4.3.2.jar;C:\windows\system32\config\systemprofile\.m2\repository\org\apache\commons\commons-lang3\3.11\commons-lang3-3.11.jar;C:\windows\system32\config\systemprofile\.m2\repository\jakarta\xml\bind\jakarta.xml.bind-api\2.3.3\jakarta.xml.bind-api-2.3.3.jar;C:\windows\system32\config\systemprofile\.m2\repository\jakarta\activation\jakarta.activation-api\1.2.2\jakarta.activation-api-1.2.2.jar;C:\windows\system32\config\systemprofile\.m2\repository\com\sun\xml\bind\jaxb-impl\2.3.3\jaxb-impl-2.3.3.jar;C:\windows\system32\config\systemprofile\.m2\repository\org\testng\testng\7.3.0\testng-7.3.0.jar;C:\windows\system32\config\systemprofile\.m2\repository\com\beust\jcommander\1.78\jcommander-1.78.jar;C:\windows\system32\config\systemprofile\.m2\repository\org\apache\ant\ant\1.10.3\ant-1.10.3.jar;C:\windows\system32\config\systemprofile\.m2\repository\org\apache\ant\ant-launcher\1.10.3\ant-launcher-1.10.3.jar;C:\windows\system32\config\systemprofile\.m2\repository\junit\junit\4.12\junit-4.12.jar;C:\windows\system32\config\systemprofile\.m2\repository\org\hamcrest\hamcrest-core\1.3\hamcrest-core-1.3.jar;C:\windows\system32\config\systemprofile\.m2\repository\com\google\inject\guice\4.2.2\guice-4.2.2-no_aop.jar;C:\windows\system32\config\systemprofile\.m2\repository\javax\inject\javax.inject\1\javax.inject-1.jar;C:\windows\system32\config\systemprofile\.m2\repository\aopalliance\aopalliance\1.0\aopalliance-1.0.jar;C:\windows\system32\config\systemprofile\.m2\repository\com\google\guava\guava\25.1-android\guava-25.1-android.jar;C:\windows\system32\config\systemprofile\.m2\repository\com\google\code\findbugs\jsr305\3.0.2\jsr305-3.0.2.jar;C:\windows\system32\config\systemprofile\.m2\repository\org\checkerframework\checker-compat-qual\2.0.0\checker-compat-qual-2.0.0.jar;C:\windows\system32\config\systemprofile\.m2\repository\com\google\errorprone\error_prone_annotations\2.1.3\error_prone_annotations-2.1.3.jar;C:\windows\system32\config\systemprofile\.m2\repository\com\google\j2objc\j2objc-annotations\1.1\j2objc-annotations-1.1.jar;C:\windows\system32\config\systemprofile\.m2\repository\org\codehaus\mojo\animal-sniffer-annotations\1.14\animal-sniffer-annotations-1.14.jar;C:\windows\system32\config\systemprofile\.m2\repository\org\yaml\snakeyaml\1.21\snakeyaml-1.21.jar;C:\windows\system32\config\systemprofile\.m2\repository\com\googlecode\json-simple\json-simple\1.1.1\json-simple-1.1.1.jar;C:\windows\system32\config\systemprofile\.m2\repository\org\apache\poi\poi\4.1.2\poi-4.1.2.jar;C:\windows\system32\config\systemprofile\.m2\repository\commons-codec\commons-codec\1.13\commons-codec-1.13.jar;C:\windows\system32\config\systemprofile\.m2\repository\org\apache\commons\commons-collections4\4.4\commons-collections4-4.4.jar;C:\windows\system32\config\systemprofile\.m2\repository\org\apache\commons\commons-math3\3.6.1\commons-math3-3.6.1.jar;C:\windows\system32\config\systemprofile\.m2\repository\com\zaxxer\SparseBitSet\1.2\SparseBitSet-1.2.jar;C:\windows\system32\config\systemprofile\.m2\repository\org\apache\poi\poi-ooxml\4.1.2\poi-ooxml-4.1.2.jar;C:\windows\system32\config\systemprofile\.m2\repository\org\apache\poi\poi-ooxml-schemas\4.1.2\poi-ooxml-schemas-4.1.2.jar;C:\windows\system32\config\systemprofile\.m2\repository\org\apache\xmlbeans\xmlbeans\3.1.0\xmlbeans-3.1.0.jar;C:\windows\system32\config\systemprofile\.m2\repository\org\apache\commons\commons-compress\1.19\commons-compress-1.19.jar;C:\windows\system32\config\systemprofile\.m2\repository\com\github\virtuald\curvesapi\1.06\curvesapi-1.06.jar;C:\windows\system32\config\systemprofile\.m2\repository\log4j\log4j\1.2.17\log4j-1.2.17.jar;C:\windows\system32\config\systemprofile\.m2\repository\com\aventstack\extentreports\4.0.9\extentreports-4.0.9.jar;C:\windows\system32\config\systemprofile\.m2\repository\org\freemarker\freemarker\2.3.23\freemarker-2.3.23.jar;C:\windows\system32\config\systemprofile\.m2\repository\org\mongodb\mongodb-driver\3.3.0\mongodb-driver-3.3.0.jar;C:\windows\system32\config\systemprofile\.m2\repository\org\mongodb\mongodb-driver-core\3.3.0\mongodb-driver-core-3.3.0.jar;C:\windows\system32\config\systemprofile\.m2\repository\org\mongodb\bson\3.3.0\bson-3.3.0.jar;C:\windows\system32\config\systemprofile\.m2\repository\com\google\code\gson\gson\2.8.5\gson-2.8.5.jar;"/>
    <property name="sun.cpu.endian" value="little"/>
    <property name="user.home" value="C:\windows\system32\config\systemprofile"/>
    <property name="user.language" value="en"/>
    <property name="java.specification.vendor" value="Oracle Corporation"/>
    <property name="java.home" value="C:\Program Files\Java\jdk1.8.0_40\jre"/>
    <property name="basedir" value="C:\Users\Owner\Automation\Workspace_RestAssured\RestAssured"/>
    <property name="file.separator" value="\"/>
    <property name="line.separator" value="&#10;"/>
    <property name="java.vm.specification.vendor" value="Oracle Corporation"/>
    <property name="java.specification.name" value="Java Platform API Specification"/>
    <property name="java.awt.graphicsenv" value="sun.awt.Win32GraphicsEnvironment"/>
    <property name="surefire.real.class.path" value="C:\Windows\Temp\surefire1160337389352472931\surefirebooter3802096024426337636.jar"/>
    <property name="sun.boot.class.path" value="C:\Program Files\Java\jdk1.8.0_40\jre\lib\resources.jar;C:\Program Files\Java\jdk1.8.0_40\jre\lib\rt.jar;C:\Program Files\Java\jdk1.8.0_40\jre\lib\sunrsasign.jar;C:\Program Files\Java\jdk1.8.0_40\jre\lib\jsse.jar;C:\Program Files\Java\jdk1.8.0_40\jre\lib\jce.jar;C:\Program Files\Java\jdk1.8.0_40\jre\lib\charsets.jar;C:\Program Files\Java\jdk1.8.0_40\jre\lib\jfr.jar;C:\Program Files\Java\jdk1.8.0_40\jre\classes"/>
    <property name="user.script" value=""/>
    <property name="sun.management.compiler" value="HotSpot 64-Bit Tiered Compilers"/>
    <property name="java.runtime.version" value="1.8.0_40-b25"/>
    <property name="user.name" value="OWNER-PC$"/>
    <property name="path.separator" value=";"/>
    <property name="os.version" value="6.1"/>
    <property name="java.endorsed.dirs" value="C:\Program Files\Java\jdk1.8.0_40\jre\lib\endorsed"/>
    <property name="java.runtime.name" value="Java(TM) SE Runtime Environment"/>
    <property name="file.encoding" value="Cp1252"/>
    <property name="java.vm.name" value="Java HotSpot(TM) 64-Bit Server VM"/>
    <property name="localRepository" value="C:\windows\system32\config\systemprofile\.m2\repository"/>
    <property name="java.vendor.url.bug" value="http://bugreport.sun.com/bugreport/"/>
    <property name="java.io.tmpdir" value="C:\windows\TEMP\"/>
    <property name="java.version" value="1.8.0_40"/>
    <property name="user.dir" value="C:\Users\Owner\Automation\Workspace_RestAssured\RestAssured"/>
    <property name="os.arch" value="amd64"/>
    <property name="java.vm.specification.name" value="Java Virtual Machine Specification"/>
    <property name="java.awt.printerjob" value="sun.awt.windows.WPrinterJob"/>
    <property name="sun.os.patch.level" value="Service Pack 1"/>
    <property name="java.library.path" value="C:\Program Files\Java\jdk1.8.0_40\jre\bin;C:\windows\Sun\Java\bin;C:\windows\system32;C:\windows;C:\Users\Owner\jenkins\tools\hudson.tasks.Maven_MavenInstallation\Maven_4.0.0/bin;C:\Program Files\Java\jdk1.8.0_40/bin;C:\Program Files\Java\jdk1.8.0_40/bin;C:\ProgramData\Oracle\Java\javapath;C:\windows\system32;C:\windows;C:\windows\System32\Wbem;C:\windows\System32\WindowsPowerShell\v1.0\;C:\Program Files\Microsoft SQL Server\120\Tools\Binn\;C:\Program Files\nodejs\;C:\Program Files\Git\cmd;C:\apache-maven-3.6.3-bin\apache-maven-3.6.3\bin\;C:\apache-maven-3.6.3-bin\apache-maven-3.6.3\;C:\apache-maven-3.6.3-bin\apache-maven-3.6.3\\bin;C:\Program Files\Java\jdk1.8.0_40;C:\Program Files\Java\jdk1.8.0_40\lib;;."/>
    <property name="java.vm.info" value="mixed mode"/>
    <property name="java.vendor" value="Oracle Corporation"/>
    <property name="java.vm.version" value="25.40-b25"/>
    <property name="java.ext.dirs" value="C:\Program Files\Java\jdk1.8.0_40\jre\lib\ext;C:\windows\Sun\Java\lib\ext"/>
    <property name="sun.io.unicode.encoding" value="UnicodeLittle"/>
    <property name="java.class.version" value="52.0"/>
  </properties>
  <testcase name="PostDataDriven" classname="com.RestAssured.Testcases.TC_004_DataDriven" time="9.838"/>
  <testcase name="PostDataDriven" classname="com.RestAssured.Testcases.TC_004_DataDriven" time="3.658"/>
  <testcase name="test2" classname="com.RestAssured.Testcases.TC_004_DataDriven" time="0.004"/>
</testsuite>