<?xml version="1.0" encoding="UTF-8"?>
<!-- Generated by org.testng.reporters.JUnitReportReporter -->
<testsuite skipped="0" hostname="Owner-PC" name="Testcases.TC_001_Get_EmployeeDetails" tests="1" failures="0" timestamp="2020-11-19T06:50:15 EST" time="5.121" errors="0">
  <testcase name="getEmployeeDetails" time="5.121" classname="Testcases.TC_001_Get_EmployeeDetails"/>
  <system-out/>
</testsuite> <!-- Testcases.TC_001_Get_EmployeeDetails -->
