<?xml version="1.0" encoding="UTF-8"?>
<!-- Generated by org.testng.reporters.JUnitReportReporter -->
<testsuite skipped="0" hostname="Owner-PC" name="Testcases.TC_004_DataDriven" tests="2" failures="0" timestamp="2020-11-20T07:42:25 EST" time="5.540" errors="0">
  <testcase name="PostDataDriven" time="5.071" classname="Testcases.TC_004_DataDriven"/>
  <system-out/>
  <testcase name="PostDataDriven" time="0.469" classname="Testcases.TC_004_DataDriven"/>
  <system-out/>
</testsuite> <!-- Testcases.TC_004_DataDriven -->
