<?xml version="1.0" encoding="UTF-8"?>
<!-- Generated by org.testng.reporters.JUnitReportReporter -->
<testsuite skipped="0" hostname="Owner-PC" name="Testcases.TC_003_GetAllHeaders_Response" tests="1" failures="0" timestamp="2020-11-19T10:03:41 EST" time="4.680" errors="0">
  <testcase name="Registor" time="4.680" classname="Testcases.TC_003_GetAllHeaders_Response"/>
  <system-out/>
</testsuite> <!-- Testcases.TC_003_GetAllHeaders_Response -->
