<?xml version="1.0" encoding="UTF-8"?>
<!-- Generated by org.testng.reporters.JUnitReportReporter -->
<testsuite skipped="0" hostname="Owner-PC" name="Testcases.TC_002_Post_name" tests="1" failures="0" timestamp="2020-11-19T09:46:00 EST" time="7.957" errors="0">
  <testcase name="Registor" time="7.957" classname="Testcases.TC_002_Post_name"/>
  <system-out/>
</testsuite> <!-- Testcases.TC_002_Post_name -->
