<?xml version="1.0" encoding="UTF-8"?>
<!-- Generated by org.testng.reporters.JUnitReportReporter -->
<testsuite skipped="0" hostname="Owner-PC" name="com.RestAssured.Testcases.TC_004_DataDriven" tests="3" failures="0" timestamp="2020-11-27T03:40:59 EST" time="13.476" errors="0">
  <testcase name="PostDataDriven" time="9.771" classname="com.RestAssured.Testcases.TC_004_DataDriven"/>
  <system-out/>
  <testcase name="test2" time="0.002" classname="com.RestAssured.Testcases.TC_004_DataDriven"/>
  <system-out/>
  <testcase name="PostDataDriven" time="3.703" classname="com.RestAssured.Testcases.TC_004_DataDriven"/>
  <system-out/>
</testsuite> <!-- com.RestAssured.Testcases.TC_004_DataDriven -->
